[2025-01-22T13:33:43.965+0000] {local_task_job_runner.py:123} INFO - ::group::Pre task execution logs
[2025-01-22T13:33:43.979+0000] {taskinstance.py:2612} INFO - Dependencies all met for dep_context=non-requeueable deps ti=<TaskInstance: airflow_dbt_snowflake1.dbt_tasks.dbt-run scheduled__2025-01-21T00:00:00+00:00 [queued]>
[2025-01-22T13:33:43.993+0000] {taskinstance.py:2612} INFO - Dependencies all met for dep_context=requeueable deps ti=<TaskInstance: airflow_dbt_snowflake1.dbt_tasks.dbt-run scheduled__2025-01-21T00:00:00+00:00 [queued]>
[2025-01-22T13:33:43.995+0000] {taskinstance.py:2865} INFO - Starting attempt 4 of 4
[2025-01-22T13:33:44.056+0000] {taskinstance.py:2888} INFO - Executing <Task(BashOperator): dbt_tasks.dbt-run> on 2025-01-21 00:00:00+00:00
[2025-01-22T13:33:44.060+0000] {standard_task_runner.py:72} INFO - Started process 109904 to run task
[2025-01-22T13:33:44.063+0000] {standard_task_runner.py:104} INFO - Running: ['airflow', 'tasks', 'run', 'airflow_dbt_snowflake1', 'dbt_tasks.dbt-run', 'scheduled__2025-01-21T00:00:00+00:00', '--job-id', '47', '--raw', '--subdir', 'DAGS_FOLDER/dbt_snowflake.py', '--cfg-path', '/tmp/tmp233jyh5m']
[2025-01-22T13:33:44.067+0000] {standard_task_runner.py:105} INFO - Job 47: Subtask dbt_tasks.dbt-run
[2025-01-22T13:33:44.144+0000] {task_command.py:467} INFO - Running <TaskInstance: airflow_dbt_snowflake1.dbt_tasks.dbt-run scheduled__2025-01-21T00:00:00+00:00 [running]> on host LAPTOP-3U4JI4R2.
[2025-01-22T13:33:44.266+0000] {taskinstance.py:3131} INFO - Exporting env vars: AIRFLOW_CTX_DAG_OWNER='airflow' AIRFLOW_CTX_DAG_ID='airflow_dbt_snowflake1' AIRFLOW_CTX_TASK_ID='dbt_tasks.dbt-run' AIRFLOW_CTX_EXECUTION_DATE='2025-01-21T00:00:00+00:00' AIRFLOW_CTX_TRY_NUMBER='4' AIRFLOW_CTX_DAG_RUN_ID='scheduled__2025-01-21T00:00:00+00:00'
[2025-01-22T13:33:44.270+0000] {logging_mixin.py:190} INFO - Task instance is in running state
[2025-01-22T13:33:44.273+0000] {logging_mixin.py:190} INFO -  Previous state of the Task instance: queued
[2025-01-22T13:33:44.275+0000] {logging_mixin.py:190} INFO - Current task name:dbt_tasks.dbt-run state:running start_date:2025-01-22 13:33:43.982169+00:00
[2025-01-22T13:33:44.276+0000] {logging_mixin.py:190} INFO - Dag name:airflow_dbt_snowflake1 and current dag run status:running
[2025-01-22T13:33:44.278+0000] {taskinstance.py:731} INFO - ::endgroup::
[2025-01-22T13:33:44.281+0000] {subprocess.py:63} INFO - Tmp dir root location: /tmp
[2025-01-22T13:33:44.283+0000] {subprocess.py:75} INFO - Running command: ['/usr/bin/bash', '-c', 'dbt run --profiles-dir /mnt/c/Users/psara/.dbt --project-dir /mnt/c/Users/psara/shrovandbtsnowflake']
[2025-01-22T13:33:44.295+0000] {subprocess.py:86} INFO - Output:
[2025-01-22T13:33:59.230+0000] {subprocess.py:93} INFO - [0m13:33:59  Running with dbt=1.8.8
[2025-01-22T13:34:04.459+0000] {subprocess.py:93} INFO - [0m13:34:04  Registered adapter: snowflake=1.8.4
[2025-01-22T13:34:04.670+0000] {subprocess.py:93} INFO - [0m13:34:04  Unable to do partial parsing because of a version mismatch
[2025-01-22T13:34:08.953+0000] {subprocess.py:93} INFO - [0m13:34:08  [[33mWARNING[0m]: Deprecated functionality
[2025-01-22T13:34:08.955+0000] {subprocess.py:93} INFO - The `tests` config has been renamed to `data_tests`. Please see
[2025-01-22T13:34:08.956+0000] {subprocess.py:93} INFO - https://docs.getdbt.com/docs/build/data-tests#new-data_tests-syntax for more
[2025-01-22T13:34:08.958+0000] {subprocess.py:93} INFO - information.
[2025-01-22T13:34:09.430+0000] {subprocess.py:93} INFO - [0m13:34:09  Found 8 models, 5 seeds, 5 data tests, 454 macros
[2025-01-22T13:34:09.435+0000] {subprocess.py:93} INFO - [0m13:34:09
[2025-01-22T13:34:12.216+0000] {subprocess.py:93} INFO - [0m13:34:12  Concurrency: 5 threads (target='dev')
[2025-01-22T13:34:12.217+0000] {subprocess.py:93} INFO - [0m13:34:12
[2025-01-22T13:34:12.227+0000] {subprocess.py:93} INFO - [0m13:34:12  1 of 8 START sql table model JAN.my_first_dbt_model ............................ [RUN]
[2025-01-22T13:34:12.229+0000] {subprocess.py:93} INFO - [0m13:34:12  2 of 8 START sql table model year2025.JAN.stg_avg_telemetry .................... [RUN]
[2025-01-22T13:34:12.230+0000] {subprocess.py:93} INFO - [0m13:34:12  3 of 8 START sql table model year2025.JAN.stg_error_data ....................... [RUN]
[2025-01-22T13:34:12.232+0000] {subprocess.py:93} INFO - [0m13:34:12  4 of 8 START sql table model year2025.JAN.stg_failure_data ..................... [RUN]
[2025-01-22T13:34:12.233+0000] {subprocess.py:93} INFO - [0m13:34:12  5 of 8 START sql table model year2025.JAN.stg_maintenance_data ................. [RUN]
[2025-01-22T13:34:14.080+0000] {subprocess.py:93} INFO - [0m13:34:14  4 of 8 OK created sql table model year2025.JAN.stg_failure_data ................ [[32mSUCCESS 1[0m in 1.84s]
[2025-01-22T13:34:14.082+0000] {subprocess.py:93} INFO - [0m13:34:14  1 of 8 OK created sql table model JAN.my_first_dbt_model ....................... [[32mSUCCESS 1[0m in 1.84s]
[2025-01-22T13:34:14.091+0000] {subprocess.py:93} INFO - [0m13:34:14  6 of 8 START sql table model year2025.JAN.stg_telemetry_features ............... [RUN]
[2025-01-22T13:34:14.092+0000] {subprocess.py:93} INFO - [0m13:34:14  3 of 8 OK created sql table model year2025.JAN.stg_error_data .................. [[32mSUCCESS 1[0m in 1.85s]
[2025-01-22T13:34:14.094+0000] {subprocess.py:93} INFO - [0m13:34:14  7 of 8 START sql view model JAN.my_second_dbt_model ............................ [RUN]
[2025-01-22T13:34:14.151+0000] {subprocess.py:93} INFO - [0m13:34:14  5 of 8 OK created sql table model year2025.JAN.stg_maintenance_data ............ [[32mSUCCESS 1[0m in 1.90s]
[2025-01-22T13:34:14.352+0000] {subprocess.py:93} INFO - [0m13:34:14  2 of 8 OK created sql table model year2025.JAN.stg_avg_telemetry ............... [[32mSUCCESS 1[0m in 2.11s]
[2025-01-22T13:34:15.050+0000] {subprocess.py:93} INFO - [0m13:34:15  7 of 8 OK created sql view model JAN.my_second_dbt_model ....................... [[32mSUCCESS 1[0m in 0.95s]
[2025-01-22T13:34:16.019+0000] {subprocess.py:93} INFO - [0m13:34:16  6 of 8 OK created sql table model year2025.JAN.stg_telemetry_features .......... [[32mSUCCESS 1[0m in 1.92s]
[2025-01-22T13:34:16.025+0000] {subprocess.py:93} INFO - [0m13:34:16  8 of 8 START sql table model JAN.comprehensiveInsights ......................... [RUN]
[2025-01-22T13:34:17.965+0000] {subprocess.py:93} INFO - [0m13:34:17  8 of 8 OK created sql table model JAN.comprehensiveInsights .................... [[32mSUCCESS 1[0m in 1.94s]
[2025-01-22T13:34:17.977+0000] {subprocess.py:93} INFO - [0m13:34:17
[2025-01-22T13:34:17.978+0000] {subprocess.py:93} INFO - [0m13:34:17  Finished running 7 table models, 1 view model in 0 hours 0 minutes and 8.54 seconds (8.54s).
[2025-01-22T13:34:18.047+0000] {subprocess.py:93} INFO - [0m13:34:18
[2025-01-22T13:34:18.048+0000] {subprocess.py:93} INFO - [0m13:34:18  [32mCompleted successfully[0m
[2025-01-22T13:34:18.049+0000] {subprocess.py:93} INFO - [0m13:34:18
[2025-01-22T13:34:18.050+0000] {subprocess.py:93} INFO - [0m13:34:18  Done. PASS=8 WARN=0 ERROR=0 SKIP=0 TOTAL=8
[2025-01-22T13:34:20.091+0000] {subprocess.py:97} INFO - Command exited with return code 0
[2025-01-22T13:34:20.140+0000] {taskinstance.py:340} INFO - ::group::Post task execution logs
[2025-01-22T13:34:20.142+0000] {taskinstance.py:352} INFO - Marking task as SUCCESS. dag_id=airflow_dbt_snowflake1, task_id=dbt_tasks.dbt-run, run_id=scheduled__2025-01-21T00:00:00+00:00, execution_date=20250121T000000, start_date=20250122T133343, end_date=20250122T133420
[2025-01-22T13:34:20.172+0000] {logging_mixin.py:190} INFO - Task instance in success state
[2025-01-22T13:34:20.174+0000] {logging_mixin.py:190} INFO -  Previous state of the Task instance: running
[2025-01-22T13:34:20.175+0000] {logging_mixin.py:190} INFO - Dag name:airflow_dbt_snowflake1 queued_at:2025-01-22 13:02:37.339065+00:00
[2025-01-22T13:34:20.176+0000] {logging_mixin.py:190} INFO - Task hostname:LAPTOP-3U4JI4R2. operator:BashOperator
[2025-01-22T13:34:20.190+0000] {local_task_job_runner.py:266} INFO - Task exited with return code 0
[2025-01-22T13:34:20.202+0000] {taskinstance.py:3900} INFO - 0 downstream tasks scheduled from follow-on schedule check
[2025-01-22T13:34:20.204+0000] {local_task_job_runner.py:245} INFO - ::endgroup::
