[2025-01-22T13:36:08.630+0000] {local_task_job_runner.py:123} INFO - ::group::Pre task execution logs
[2025-01-22T13:36:08.638+0000] {taskinstance.py:2612} INFO - Dependencies all met for dep_context=non-requeueable deps ti=<TaskInstance: airflow_dbt_snowflake3.dbt_tasks.dbt-run scheduled__2025-01-21T00:00:00+00:00 [queued]>
[2025-01-22T13:36:08.644+0000] {taskinstance.py:2612} INFO - Dependencies all met for dep_context=requeueable deps ti=<TaskInstance: airflow_dbt_snowflake3.dbt_tasks.dbt-run scheduled__2025-01-21T00:00:00+00:00 [queued]>
[2025-01-22T13:36:08.645+0000] {taskinstance.py:2865} INFO - Starting attempt 1 of 4
[2025-01-22T13:36:08.673+0000] {taskinstance.py:2888} INFO - Executing <Task(BashOperator): dbt_tasks.dbt-run> on 2025-01-21 00:00:00+00:00
[2025-01-22T13:36:08.676+0000] {standard_task_runner.py:72} INFO - Started process 110550 to run task
[2025-01-22T13:36:08.679+0000] {standard_task_runner.py:104} INFO - Running: ['airflow', 'tasks', 'run', 'airflow_dbt_snowflake3', 'dbt_tasks.dbt-run', 'scheduled__2025-01-21T00:00:00+00:00', '--job-id', '49', '--raw', '--subdir', 'DAGS_FOLDER/dbt_snowflake.py', '--cfg-path', '/tmp/tmpb7odb4sb']
[2025-01-22T13:36:08.680+0000] {standard_task_runner.py:105} INFO - Job 49: Subtask dbt_tasks.dbt-run
[2025-01-22T13:36:08.757+0000] {task_command.py:467} INFO - Running <TaskInstance: airflow_dbt_snowflake3.dbt_tasks.dbt-run scheduled__2025-01-21T00:00:00+00:00 [running]> on host LAPTOP-3U4JI4R2.
[2025-01-22T13:36:08.849+0000] {taskinstance.py:3131} INFO - Exporting env vars: AIRFLOW_CTX_DAG_OWNER='airflow' AIRFLOW_CTX_DAG_ID='airflow_dbt_snowflake3' AIRFLOW_CTX_TASK_ID='dbt_tasks.dbt-run' AIRFLOW_CTX_EXECUTION_DATE='2025-01-21T00:00:00+00:00' AIRFLOW_CTX_TRY_NUMBER='1' AIRFLOW_CTX_DAG_RUN_ID='scheduled__2025-01-21T00:00:00+00:00'
[2025-01-22T13:36:08.855+0000] {logging_mixin.py:190} INFO - Task instance is in running state
[2025-01-22T13:36:08.858+0000] {logging_mixin.py:190} INFO -  Previous state of the Task instance: queued
[2025-01-22T13:36:08.860+0000] {logging_mixin.py:190} INFO - Current task name:dbt_tasks.dbt-run state:running start_date:2025-01-22 13:36:08.639788+00:00
[2025-01-22T13:36:08.862+0000] {logging_mixin.py:190} INFO - Dag name:airflow_dbt_snowflake3 and current dag run status:running
[2025-01-22T13:36:08.865+0000] {taskinstance.py:731} INFO - ::endgroup::
[2025-01-22T13:36:08.868+0000] {subprocess.py:63} INFO - Tmp dir root location: /tmp
[2025-01-22T13:36:08.871+0000] {subprocess.py:75} INFO - Running command: ['/usr/bin/bash', '-c', 'dbt run --profiles-dir /mnt/c/Users/psara/.dbt --project-dir /mnt/c/Users/psara/shrovandbtsnowflake']
[2025-01-22T13:36:08.878+0000] {subprocess.py:86} INFO - Output:
[2025-01-22T13:36:18.969+0000] {subprocess.py:93} INFO - [0m13:36:18  Running with dbt=1.8.8
[2025-01-22T13:36:26.779+0000] {subprocess.py:93} INFO - [0m13:36:26  Registered adapter: snowflake=1.8.4
[2025-01-22T13:36:29.820+0000] {subprocess.py:93} INFO - [0m13:36:29  Found 8 models, 5 seeds, 5 data tests, 454 macros
[2025-01-22T13:36:29.825+0000] {subprocess.py:93} INFO - [0m13:36:29
[2025-01-22T13:36:33.519+0000] {subprocess.py:93} INFO - [0m13:36:33  Concurrency: 5 threads (target='dev')
[2025-01-22T13:36:33.524+0000] {subprocess.py:93} INFO - [0m13:36:33
[2025-01-22T13:36:33.558+0000] {subprocess.py:93} INFO - [0m13:36:33  1 of 8 START sql table model JAN.my_first_dbt_model ............................ [RUN]
[2025-01-22T13:36:33.564+0000] {subprocess.py:93} INFO - [0m13:36:33  2 of 8 START sql table model year2025.JAN.stg_avg_telemetry .................... [RUN]
[2025-01-22T13:36:33.572+0000] {subprocess.py:93} INFO - [0m13:36:33  3 of 8 START sql table model year2025.JAN.stg_error_data ....................... [RUN]
[2025-01-22T13:36:33.577+0000] {subprocess.py:93} INFO - [0m13:36:33  4 of 8 START sql table model year2025.JAN.stg_failure_data ..................... [RUN]
[2025-01-22T13:36:33.584+0000] {subprocess.py:93} INFO - [0m13:36:33  5 of 8 START sql table model year2025.JAN.stg_maintenance_data ................. [RUN]
[2025-01-22T13:36:35.921+0000] {subprocess.py:93} INFO - [0m13:36:35  4 of 8 OK created sql table model year2025.JAN.stg_failure_data ................ [[32mSUCCESS 1[0m in 2.30s]
[2025-01-22T13:36:35.926+0000] {subprocess.py:93} INFO - [0m13:36:35  2 of 8 OK created sql table model year2025.JAN.stg_avg_telemetry ............... [[32mSUCCESS 1[0m in 2.32s]
[2025-01-22T13:36:35.930+0000] {subprocess.py:93} INFO - [0m13:36:35  3 of 8 OK created sql table model year2025.JAN.stg_error_data .................. [[32mSUCCESS 1[0m in 2.32s]
[2025-01-22T13:36:35.937+0000] {subprocess.py:93} INFO - [0m13:36:35  5 of 8 OK created sql table model year2025.JAN.stg_maintenance_data ............ [[32mSUCCESS 1[0m in 2.31s]
[2025-01-22T13:36:35.960+0000] {subprocess.py:93} INFO - [0m13:36:35  6 of 8 START sql table model year2025.JAN.stg_telemetry_features ............... [RUN]
[2025-01-22T13:36:35.983+0000] {subprocess.py:93} INFO - [0m13:36:35  1 of 8 OK created sql table model JAN.my_first_dbt_model ....................... [[32mSUCCESS 1[0m in 2.39s]
[2025-01-22T13:36:35.994+0000] {subprocess.py:93} INFO - [0m13:36:35  7 of 8 START sql view model JAN.my_second_dbt_model ............................ [RUN]
[2025-01-22T13:36:37.011+0000] {subprocess.py:93} INFO - [0m13:36:37  7 of 8 OK created sql view model JAN.my_second_dbt_model ....................... [[32mSUCCESS 1[0m in 1.01s]
[2025-01-22T13:36:37.657+0000] {subprocess.py:93} INFO - [0m13:36:37  6 of 8 OK created sql table model year2025.JAN.stg_telemetry_features .......... [[32mSUCCESS 1[0m in 1.69s]
[2025-01-22T13:36:37.664+0000] {subprocess.py:93} INFO - [0m13:36:37  8 of 8 START sql table model JAN.comprehensiveInsights ......................... [RUN]
[2025-01-22T13:36:39.657+0000] {subprocess.py:93} INFO - [0m13:36:39  8 of 8 OK created sql table model JAN.comprehensiveInsights .................... [[32mSUCCESS 1[0m in 1.99s]
[2025-01-22T13:36:39.671+0000] {subprocess.py:93} INFO - [0m13:36:39
[2025-01-22T13:36:39.673+0000] {subprocess.py:93} INFO - [0m13:36:39  Finished running 7 table models, 1 view model in 0 hours 0 minutes and 9.85 seconds (9.85s).
[2025-01-22T13:36:39.734+0000] {subprocess.py:93} INFO - [0m13:36:39
[2025-01-22T13:36:39.736+0000] {subprocess.py:93} INFO - [0m13:36:39  [32mCompleted successfully[0m
[2025-01-22T13:36:39.737+0000] {subprocess.py:93} INFO - [0m13:36:39
[2025-01-22T13:36:39.738+0000] {subprocess.py:93} INFO - [0m13:36:39  Done. PASS=8 WARN=0 ERROR=0 SKIP=0 TOTAL=8
[2025-01-22T13:36:41.749+0000] {subprocess.py:97} INFO - Command exited with return code 0
[2025-01-22T13:36:41.780+0000] {taskinstance.py:340} INFO - ::group::Post task execution logs
[2025-01-22T13:36:41.781+0000] {taskinstance.py:352} INFO - Marking task as SUCCESS. dag_id=airflow_dbt_snowflake3, task_id=dbt_tasks.dbt-run, run_id=scheduled__2025-01-21T00:00:00+00:00, execution_date=20250121T000000, start_date=20250122T133608, end_date=20250122T133641
[2025-01-22T13:36:41.805+0000] {logging_mixin.py:190} INFO - Task instance in success state
[2025-01-22T13:36:41.807+0000] {logging_mixin.py:190} INFO -  Previous state of the Task instance: running
[2025-01-22T13:36:41.808+0000] {logging_mixin.py:190} INFO - Dag name:airflow_dbt_snowflake3 queued_at:2025-01-22 13:35:05.811929+00:00
[2025-01-22T13:36:41.810+0000] {logging_mixin.py:190} INFO - Task hostname:LAPTOP-3U4JI4R2. operator:BashOperator
[2025-01-22T13:36:41.837+0000] {local_task_job_runner.py:266} INFO - Task exited with return code 0
[2025-01-22T13:36:41.847+0000] {taskinstance.py:3900} INFO - 0 downstream tasks scheduled from follow-on schedule check
[2025-01-22T13:36:41.849+0000] {local_task_job_runner.py:245} INFO - ::endgroup::
