[2025-01-22T13:03:51.156+0000] {local_task_job_runner.py:123} INFO - ::group::Pre task execution logs
[2025-01-22T13:03:51.170+0000] {taskinstance.py:2613} INFO - Dependencies all met for dep_context=non-requeueable deps ti=<TaskInstance: airflow_dbt_snowflake1.dbt_tasks.dbt-debug manual__2025-01-22T13:02:36.854235+00:00 [queued]>
[2025-01-22T13:03:51.177+0000] {taskinstance.py:2613} INFO - Dependencies all met for dep_context=requeueable deps ti=<TaskInstance: airflow_dbt_snowflake1.dbt_tasks.dbt-debug manual__2025-01-22T13:02:36.854235+00:00 [queued]>
[2025-01-22T13:03:51.178+0000] {taskinstance.py:2866} INFO - Starting attempt 1 of 4
[2025-01-22T13:03:51.219+0000] {taskinstance.py:2889} INFO - Executing <Task(BashOperator): dbt_tasks.dbt-debug> on 2025-01-22 13:02:36.854235+00:00
[2025-01-22T13:03:51.223+0000] {standard_task_runner.py:72} INFO - Started process 101986 to run task
[2025-01-22T13:03:51.227+0000] {standard_task_runner.py:104} INFO - Running: ['airflow', 'tasks', 'run', 'airflow_dbt_snowflake1', 'dbt_tasks.dbt-debug', 'manual__2025-01-22T13:02:36.854235+00:00', '--job-id', '39', '--raw', '--subdir', 'DAGS_FOLDER/dbt_snowflake.py', '--cfg-path', '/tmp/tmpenitcrzs']
[2025-01-22T13:03:51.230+0000] {standard_task_runner.py:105} INFO - Job 39: Subtask dbt_tasks.dbt-debug
[2025-01-22T13:03:51.295+0000] {task_command.py:467} INFO - Running <TaskInstance: airflow_dbt_snowflake1.dbt_tasks.dbt-debug manual__2025-01-22T13:02:36.854235+00:00 [running]> on host LAPTOP-3U4JI4R2.
[2025-01-22T13:03:51.400+0000] {taskinstance.py:3132} INFO - Exporting env vars: AIRFLOW_CTX_DAG_OWNER='airflow' AIRFLOW_CTX_DAG_ID='airflow_dbt_snowflake1' AIRFLOW_CTX_TASK_ID='dbt_tasks.dbt-debug' AIRFLOW_CTX_EXECUTION_DATE='2025-01-22T13:02:36.854235+00:00' AIRFLOW_CTX_TRY_NUMBER='1' AIRFLOW_CTX_DAG_RUN_ID='manual__2025-01-22T13:02:36.854235+00:00'
[2025-01-22T13:03:51.402+0000] {logging_mixin.py:190} INFO - Task instance is in running state
[2025-01-22T13:03:51.404+0000] {logging_mixin.py:190} INFO -  Previous state of the Task instance: queued
[2025-01-22T13:03:51.405+0000] {logging_mixin.py:190} INFO - Current task name:dbt_tasks.dbt-debug state:running start_date:2025-01-22 13:03:51.171967+00:00
[2025-01-22T13:03:51.407+0000] {logging_mixin.py:190} INFO - Dag name:airflow_dbt_snowflake1 and current dag run status:running
[2025-01-22T13:03:51.408+0000] {taskinstance.py:731} INFO - ::endgroup::
[2025-01-22T13:03:51.410+0000] {subprocess.py:78} INFO - Tmp dir root location: /tmp
[2025-01-22T13:03:51.411+0000] {subprocess.py:88} INFO - Running command: ['/usr/bin/bash', '-c', 'dbt debug --profiles-dir /mnt/c/Users/psara/.dbt --project-dir /mnt/c/Users/psara/shrovandbtsnowflake']
[2025-01-22T13:03:51.416+0000] {subprocess.py:99} INFO - Output:
[2025-01-22T13:04:03.171+0000] {subprocess.py:106} INFO - [0m13:04:03  Running with dbt=1.9.1
[2025-01-22T13:04:03.368+0000] {subprocess.py:106} INFO - [0m13:04:03  dbt version: 1.9.1
[2025-01-22T13:04:03.369+0000] {subprocess.py:106} INFO - [0m13:04:03  python version: 3.12.3
[2025-01-22T13:04:03.371+0000] {subprocess.py:106} INFO - [0m13:04:03  python path: /mnt/c/Users/psara/shrovandbtairflow/airflow_venv/bin/python3
[2025-01-22T13:04:03.373+0000] {subprocess.py:106} INFO - [0m13:04:03  os info: Linux-5.15.167.4-microsoft-standard-WSL2-x86_64-with-glibc2.39
[2025-01-22T13:04:06.023+0000] {subprocess.py:106} INFO - [0m13:04:06  Using profiles dir at /mnt/c/Users/psara/.dbt
[2025-01-22T13:04:06.025+0000] {subprocess.py:106} INFO - [0m13:04:06  Using profiles.yml file at /mnt/c/Users/psara/.dbt/profiles.yml
[2025-01-22T13:04:06.027+0000] {subprocess.py:106} INFO - [0m13:04:06  Using dbt_project.yml file at /mnt/c/Users/psara/shrovandbtsnowflake/dbt_project.yml
[2025-01-22T13:04:06.037+0000] {subprocess.py:106} INFO - [0m13:04:06  adapter type: snowflake
[2025-01-22T13:04:06.038+0000] {subprocess.py:106} INFO - [0m13:04:06  adapter version: 1.9.0
[2025-01-22T13:04:06.158+0000] {subprocess.py:106} INFO - [0m13:04:06  Configuration:
[2025-01-22T13:04:06.160+0000] {subprocess.py:106} INFO - [0m13:04:06    profiles.yml file [[32mOK found and valid[0m]
[2025-01-22T13:04:06.162+0000] {subprocess.py:106} INFO - [0m13:04:06    dbt_project.yml file [[32mOK found and valid[0m]
[2025-01-22T13:04:06.164+0000] {subprocess.py:106} INFO - [0m13:04:06  Required dependencies:
[2025-01-22T13:04:06.171+0000] {subprocess.py:106} INFO - [0m13:04:06   - git [[32mOK found[0m]
[2025-01-22T13:04:06.172+0000] {subprocess.py:106} INFO - 
[2025-01-22T13:04:06.174+0000] {subprocess.py:106} INFO - [0m13:04:06  Connection:
[2025-01-22T13:04:06.175+0000] {subprocess.py:106} INFO - [0m13:04:06    account: PUBFORT-NI17152
[2025-01-22T13:04:06.175+0000] {subprocess.py:106} INFO - [0m13:04:06    user: shrovan
[2025-01-22T13:04:06.176+0000] {subprocess.py:106} INFO - [0m13:04:06    database: YEAR2025
[2025-01-22T13:04:06.178+0000] {subprocess.py:106} INFO - [0m13:04:06    warehouse: COMPUTE_WH
[2025-01-22T13:04:06.179+0000] {subprocess.py:106} INFO - [0m13:04:06    role: ACCOUNTADMIN
[2025-01-22T13:04:06.179+0000] {subprocess.py:106} INFO - [0m13:04:06    schema: JAN
[2025-01-22T13:04:06.180+0000] {subprocess.py:106} INFO - [0m13:04:06    authenticator: None
[2025-01-22T13:04:06.181+0000] {subprocess.py:106} INFO - [0m13:04:06    oauth_client_id: None
[2025-01-22T13:04:06.182+0000] {subprocess.py:106} INFO - [0m13:04:06    query_tag: None
[2025-01-22T13:04:06.183+0000] {subprocess.py:106} INFO - [0m13:04:06    client_session_keep_alive: False
[2025-01-22T13:04:06.183+0000] {subprocess.py:106} INFO - [0m13:04:06    host: None
[2025-01-22T13:04:06.184+0000] {subprocess.py:106} INFO - [0m13:04:06    port: None
[2025-01-22T13:04:06.185+0000] {subprocess.py:106} INFO - [0m13:04:06    proxy_host: None
[2025-01-22T13:04:06.186+0000] {subprocess.py:106} INFO - [0m13:04:06    proxy_port: None
[2025-01-22T13:04:06.186+0000] {subprocess.py:106} INFO - [0m13:04:06    protocol: None
[2025-01-22T13:04:06.187+0000] {subprocess.py:106} INFO - [0m13:04:06    connect_retries: 1
[2025-01-22T13:04:06.188+0000] {subprocess.py:106} INFO - [0m13:04:06    connect_timeout: None
[2025-01-22T13:04:06.189+0000] {subprocess.py:106} INFO - [0m13:04:06    retry_on_database_errors: False
[2025-01-22T13:04:06.189+0000] {subprocess.py:106} INFO - [0m13:04:06    retry_all: False
[2025-01-22T13:04:06.190+0000] {subprocess.py:106} INFO - [0m13:04:06    insecure_mode: False
[2025-01-22T13:04:06.191+0000] {subprocess.py:106} INFO - [0m13:04:06    reuse_connections: True
[2025-01-22T13:04:06.193+0000] {subprocess.py:106} INFO - [0m13:04:06  Registered adapter: snowflake=1.9.0
[2025-01-22T13:04:18.107+0000] {subprocess.py:106} INFO - [0m13:04:18    Connection test: [[32mOK connection ok[0m]
[2025-01-22T13:04:18.109+0000] {subprocess.py:106} INFO - 
[2025-01-22T13:04:18.110+0000] {subprocess.py:106} INFO - [0m13:04:18  [32mAll checks passed![0m
[2025-01-22T13:04:19.756+0000] {subprocess.py:110} INFO - Command exited with return code 0
[2025-01-22T13:04:19.783+0000] {taskinstance.py:340} INFO - ::group::Post task execution logs
[2025-01-22T13:04:19.785+0000] {taskinstance.py:352} INFO - Marking task as SUCCESS. dag_id=airflow_dbt_snowflake1, task_id=dbt_tasks.dbt-debug, run_id=manual__2025-01-22T13:02:36.854235+00:00, execution_date=20250122T130236, start_date=20250122T130351, end_date=20250122T130419
[2025-01-22T13:04:19.823+0000] {logging_mixin.py:190} INFO - Task instance in success state
[2025-01-22T13:04:19.825+0000] {logging_mixin.py:190} INFO -  Previous state of the Task instance: running
[2025-01-22T13:04:19.826+0000] {logging_mixin.py:190} INFO - Dag name:airflow_dbt_snowflake1 queued_at:2025-01-22 13:02:36.931610+00:00
[2025-01-22T13:04:19.827+0000] {logging_mixin.py:190} INFO - Task hostname:LAPTOP-3U4JI4R2. operator:BashOperator
[2025-01-22T13:04:19.833+0000] {local_task_job_runner.py:266} INFO - Task exited with return code 0
[2025-01-22T13:04:19.850+0000] {taskinstance.py:3895} INFO - 1 downstream tasks scheduled from follow-on schedule check
[2025-01-22T13:04:19.882+0000] {local_task_job_runner.py:245} INFO - ::endgroup::
