[2025-01-22T09:00:16.190+0000] {local_task_job_runner.py:123} INFO - ::group::Pre task execution logs
[2025-01-22T09:00:16.197+0000] {taskinstance.py:2613} INFO - Dependencies all met for dep_context=non-requeueable deps ti=<TaskInstance: first_dag.Hello_world scheduled__2025-01-22T08:00:00+00:00 [queued]>
[2025-01-22T09:00:16.202+0000] {taskinstance.py:2613} INFO - Dependencies all met for dep_context=requeueable deps ti=<TaskInstance: first_dag.Hello_world scheduled__2025-01-22T08:00:00+00:00 [queued]>
[2025-01-22T09:00:16.204+0000] {taskinstance.py:2866} INFO - Starting attempt 1 of 1
[2025-01-22T09:00:16.225+0000] {taskinstance.py:2889} INFO - Executing <Task(PythonOperator): Hello_world> on 2025-01-22 08:00:00+00:00
[2025-01-22T09:00:16.228+0000] {standard_task_runner.py:72} INFO - Started process 40713 to run task
[2025-01-22T09:00:16.230+0000] {standard_task_runner.py:104} INFO - Running: ['airflow', 'tasks', 'run', 'first_dag', 'Hello_world', 'scheduled__2025-01-22T08:00:00+00:00', '--job-id', '17', '--raw', '--subdir', 'DAGS_FOLDER/hello_world.py', '--cfg-path', '/tmp/tmp3g645mfj']
[2025-01-22T09:00:16.233+0000] {standard_task_runner.py:105} INFO - Job 17: Subtask Hello_world
[2025-01-22T09:00:16.295+0000] {task_command.py:467} INFO - Running <TaskInstance: first_dag.Hello_world scheduled__2025-01-22T08:00:00+00:00 [running]> on host LAPTOP-3U4JI4R2.
[2025-01-22T09:00:16.391+0000] {taskinstance.py:3132} INFO - Exporting env vars: AIRFLOW_CTX_DAG_OWNER='airflow' AIRFLOW_CTX_DAG_ID='first_dag' AIRFLOW_CTX_TASK_ID='Hello_world' AIRFLOW_CTX_EXECUTION_DATE='2025-01-22T08:00:00+00:00' AIRFLOW_CTX_TRY_NUMBER='1' AIRFLOW_CTX_DAG_RUN_ID='scheduled__2025-01-22T08:00:00+00:00'
[2025-01-22T09:00:16.394+0000] {logging_mixin.py:190} INFO - Task instance is in running state
[2025-01-22T09:00:16.395+0000] {logging_mixin.py:190} INFO -  Previous state of the Task instance: queued
[2025-01-22T09:00:16.397+0000] {logging_mixin.py:190} INFO - Current task name:Hello_world state:running start_date:2025-01-22 09:00:16.199045+00:00
[2025-01-22T09:00:16.398+0000] {logging_mixin.py:190} INFO - Dag name:first_dag and current dag run status:running
[2025-01-22T09:00:16.400+0000] {taskinstance.py:731} INFO - ::endgroup::
[2025-01-22T09:00:16.401+0000] {logging_mixin.py:190} INFO - Hello world
[2025-01-22T09:00:16.402+0000] {python.py:240} INFO - Done. Returned value was: None
[2025-01-22T09:00:16.406+0000] {taskinstance.py:340} INFO - ::group::Post task execution logs
[2025-01-22T09:00:16.408+0000] {taskinstance.py:352} INFO - Marking task as SUCCESS. dag_id=first_dag, task_id=Hello_world, run_id=scheduled__2025-01-22T08:00:00+00:00, execution_date=20250122T080000, start_date=20250122T090016, end_date=20250122T090016
[2025-01-22T09:00:16.434+0000] {logging_mixin.py:190} INFO - Task instance in success state
[2025-01-22T09:00:16.437+0000] {logging_mixin.py:190} INFO -  Previous state of the Task instance: running
[2025-01-22T09:00:16.438+0000] {logging_mixin.py:190} INFO - Dag name:first_dag queued_at:2025-01-22 09:00:01.055582+00:00
[2025-01-22T09:00:16.440+0000] {logging_mixin.py:190} INFO - Task hostname:LAPTOP-3U4JI4R2. operator:PythonOperator
[2025-01-22T09:00:16.454+0000] {local_task_job_runner.py:266} INFO - Task exited with return code 0
[2025-01-22T09:00:16.463+0000] {taskinstance.py:3895} INFO - 0 downstream tasks scheduled from follow-on schedule check
[2025-01-22T09:00:16.465+0000] {local_task_job_runner.py:245} INFO - ::endgroup::
